<?xml version="1.0" encoding="UTF-8"?>
<coverage generated="1683307416128" clover="3.2.0">
  <project timestamp="1683307416128" name="All files">
    <metrics statements="28" coveredstatements="22" conditionals="4" coveredconditionals="3" methods="9" coveredmethods="8" elements="41" coveredelements="33" complexity="0" loc="28" ncloc="28" packages="2" files="2" classes="2"/>
    <package name="datasources">
      <metrics statements="14" coveredstatements="10" conditionals="0" coveredconditionals="0" methods="3" coveredmethods="3"/>
      <file name="starwars-api.ts" path="/home/caesar/Desktop/Challenge/sovtest_new/server/src/datasources/starwars-api.ts">
        <metrics statements="14" coveredstatements="10" conditionals="0" coveredconditionals="0" methods="3" coveredmethods="3"/>
        <line num="1" count="2" type="stmt"/>
        <line num="6" count="2" type="stmt"/>
        <line num="7" count="2" type="stmt"/>
        <line num="11" count="2" type="stmt"/>
        <line num="12" count="2" type="stmt"/>
        <line num="13" count="2" type="stmt"/>
        <line num="15" count="0" type="stmt"/>
        <line num="16" count="0" type="stmt"/>
        <line num="21" count="3" type="stmt"/>
        <line num="22" count="3" type="stmt"/>
        <line num="23" count="3" type="stmt"/>
        <line num="25" count="0" type="stmt"/>
        <line num="26" count="0" type="stmt"/>
        <line num="31" count="2" type="stmt"/>
      </file>
    </package>
    <package name="graphql.resolvers">
      <metrics statements="14" coveredstatements="12" conditionals="4" coveredconditionals="3" methods="6" coveredmethods="5"/>
      <file name="resolvers.ts" path="/home/caesar/Desktop/Challenge/sovtest_new/server/src/graphql/resolvers/resolvers.ts">
        <metrics statements="14" coveredstatements="12" conditionals="4" coveredconditionals="3" methods="6" coveredmethods="5"/>
        <line num="4" count="1" type="stmt"/>
        <line num="7" count="1" type="stmt"/>
        <line num="8" count="1" type="stmt"/>
        <line num="12" count="10" type="stmt"/>
        <line num="22" count="2" type="stmt"/>
        <line num="23" count="2" type="stmt"/>
        <line num="25" count="2" type="cond" truecount="2" falsecount="0"/>
        <line num="26" count="2" type="stmt"/>
        <line num="27" count="2" type="cond" truecount="1" falsecount="0"/>
        <line num="28" count="1" type="stmt"/>
        <line num="31" count="2" type="stmt"/>
        <line num="40" count="0" type="stmt"/>
        <line num="41" count="0" type="stmt"/>
        <line num="48" count="1" type="stmt"/>
      </file>
    </package>
  </project>
</coverage>
