{"/home/caesar/Desktop/Challenge/sovtest_new/server/src/datasources/starwars-api.ts": {"path":"/home/caesar/Desktop/Challenge/sovtest_new/server/src/datasources/starwars-api.ts","statementMap":{"0":{"start":{"line":1,"column":0},"end":{"line":1,"column":57}},"1":{"start":{"line":6,"column":8},"end":{"line":6,"column":16}},"2":{"start":{"line":7,"column":8},"end":{"line":7,"column":48}},"3":{"start":{"line":11,"column":8},"end":{"line":17,"column":null}},"4":{"start":{"line":12,"column":29},"end":{"line":12,"column":66}},"5":{"start":{"line":13,"column":12},"end":{"line":13,"column":28}},"6":{"start":{"line":15,"column":12},"end":{"line":15,"column":33}},"7":{"start":{"line":16,"column":12},"end":{"line":16,"column":24}},"8":{"start":{"line":21,"column":8},"end":{"line":27,"column":null}},"9":{"start":{"line":22,"column":29},"end":{"line":22,"column":68}},"10":{"start":{"line":23,"column":12},"end":{"line":23,"column":36}},"11":{"start":{"line":25,"column":12},"end":{"line":25,"column":33}},"12":{"start":{"line":26,"column":12},"end":{"line":26,"column":24}},"13":{"start":{"line":31,"column":0},"end":{"line":31,"column":27}}},"fnMap":{"0":{"name":"(anonymous_0)","decl":{"start":{"line":5,"column":4},"end":{"line":5,"column":null}},"loc":{"start":{"line":5,"column":4},"end":{"line":8,"column":5}}},"1":{"name":"(anonymous_1)","decl":{"start":{"line":10,"column":4},"end":{"line":10,"column":9}},"loc":{"start":{"line":10,"column":35},"end":{"line":18,"column":5}}},"2":{"name":"(anonymous_2)","decl":{"start":{"line":20,"column":4},"end":{"line":20,"column":9}},"loc":{"start":{"line":20,"column":32},"end":{"line":28,"column":5}}}},"branchMap":{},"s":{"0":2,"1":2,"2":2,"3":2,"4":2,"5":2,"6":0,"7":0,"8":3,"9":3,"10":3,"11":0,"12":0,"13":2},"f":{"0":2,"1":2,"2":3},"b":{}}
,"/home/caesar/Desktop/Challenge/sovtest_new/server/src/graphql/resolvers/resolvers.ts": {"path":"/home/caesar/Desktop/Challenge/sovtest_new/server/src/graphql/resolvers/resolvers.ts","statementMap":{"0":{"start":{"line":4,"column":18},"end":{"line":46,"column":2}},"1":{"start":{"line":7,"column":27},"end":{"line":7,"column":75}},"2":{"start":{"line":8,"column":12},"end":{"line":19,"column":14}},"3":{"start":{"line":12,"column":62},"end":{"line":18,"column":18}},"4":{"start":{"line":22,"column":12},"end":{"line":43,"column":15}},"5":{"start":{"line":23,"column":16},"end":{"line":42,"column":23}},"6":{"start":{"line":25,"column":39},"end":{"line":25,"column":56}},"7":{"start":{"line":26,"column":24},"end":{"line":26,"column":44}},"8":{"start":{"line":27,"column":24},"end":{"line":29,"column":null}},"9":{"start":{"line":28,"column":28},"end":{"line":28,"column":84}},"10":{"start":{"line":31,"column":24},"end":{"line":37,"column":27}},"11":{"start":{"line":40,"column":24},"end":{"line":40,"column":45}},"12":{"start":{"line":41,"column":24},"end":{"line":41,"column":38}},"13":{"start":{"line":48,"column":0},"end":{"line":48,"column":25}}},"fnMap":{"0":{"name":"(anonymous_0)","decl":{"start":{"line":6,"column":19},"end":{"line":6,"column":24}},"loc":{"start":{"line":6,"column":151},"end":{"line":20,"column":9}}},"1":{"name":"(anonymous_1)","decl":{"start":{"line":12,"column":44},"end":{"line":12,"column":45}},"loc":{"start":{"line":12,"column":62},"end":{"line":18,"column":18}}},"2":{"name":"(anonymous_2)","decl":{"start":{"line":21,"column":19},"end":{"line":21,"column":24}},"loc":{"start":{"line":21,"column":145},"end":{"line":44,"column":9}}},"3":{"name":"(anonymous_3)","decl":{"start":{"line":22,"column":39},"end":{"line":22,"column":40}},"loc":{"start":{"line":22,"column":59},"end":{"line":43,"column":13}}},"4":{"name":"(anonymous_4)","decl":{"start":{"line":24,"column":26},"end":{"line":24,"column":27}},"loc":{"start":{"line":24,"column":44},"end":{"line":38,"column":21}}},"5":{"name":"(anonymous_5)","decl":{"start":{"line":39,"column":27},"end":{"line":39,"column":28}},"loc":{"start":{"line":39,"column":44},"end":{"line":42,"column":21}}}},"branchMap":{"0":{"loc":{"start":{"line":6,"column":36},"end":{"line":6,"column":44}},"type":"default-arg","locations":[{"start":{"line":6,"column":43},"end":{"line":6,"column":44}}]},"1":{"loc":{"start":{"line":25,"column":39},"end":{"line":25,"column":56}},"type":"binary-expr","locations":[{"start":{"line":25,"column":39},"end":{"line":25,"column":50}},{"start":{"line":25,"column":54},"end":{"line":25,"column":56}}]},"2":{"loc":{"start":{"line":27,"column":24},"end":{"line":29,"column":null}},"type":"if","locations":[{"start":{"line":27,"column":24},"end":{"line":29,"column":null}}]}},"s":{"0":1,"1":1,"2":1,"3":10,"4":2,"5":2,"6":2,"7":2,"8":2,"9":1,"10":2,"11":0,"12":0,"13":1},"f":{"0":1,"1":10,"2":2,"3":2,"4":2,"5":0},"b":{"0":[0],"1":[2,1],"2":[1]}}
}
