TN:
SF:src/datasources/starwars-api.ts
FN:5,(anonymous_0)
FN:10,(anonymous_1)
FN:20,(anonymous_2)
FNF:3
FNH:3
FNDA:2,(anonymous_0)
FNDA:2,(anonymous_1)
FNDA:3,(anonymous_2)
DA:1,2
DA:6,2
DA:7,2
DA:11,2
DA:12,2
DA:13,2
DA:15,0
DA:16,0
DA:21,3
DA:22,3
DA:23,3
DA:25,0
DA:26,0
DA:31,2
LF:14
LH:10
BRF:0
BRH:0
end_of_record
TN:
SF:src/graphql/resolvers/resolvers.ts
FN:6,(anonymous_0)
FN:12,(anonymous_1)
FN:21,(anonymous_2)
FN:22,(anonymous_3)
FN:24,(anonymous_4)
FN:39,(anonymous_5)
FNF:6
FNH:5
FNDA:1,(anonymous_0)
FNDA:10,(anonymous_1)
FNDA:2,(anonymous_2)
FNDA:2,(anonymous_3)
FNDA:2,(anonymous_4)
FNDA:0,(anonymous_5)
DA:4,1
DA:7,1
DA:8,1
DA:12,10
DA:22,2
DA:23,2
DA:25,2
DA:26,2
DA:27,2
DA:28,1
DA:31,2
DA:40,0
DA:41,0
DA:48,1
LF:14
LH:12
BRDA:6,0,0,0
BRDA:25,1,0,2
BRDA:25,1,1,1
BRDA:27,2,0,1
BRF:4
BRH:3
end_of_record
